#
# There is insufficient memory for the Java Runtime Environment to continue.
# Native memory allocation (mmap) failed to map 264241152 bytes. Error detail: G1 virtual space
# Possible reasons:
#   The system is out of physical RAM or swap space
#   This process is running with CompressedOops enabled, and the Java Heap may be blocking the growth of the native heap
# Possible solutions:
#   Reduce memory load on the system
#   Increase physical memory or swap space
#   Check if swap backing store is full
#   Decrease Java heap size (-Xmx/-Xms)
#   Decrease number of Java threads
#   Decrease Java thread stack sizes (-Xss)
#   Set larger code cache with -XX:ReservedCodeCacheSize=
#   JVM is running with Zero Based Compressed Oops mode in which the Java heap is
#     placed in the first 32GB address space. The Java Heap base address is the
#     maximum limit for the native heap growth. Please use -XX:HeapBaseMinAddress
#     to set the Java Heap base and to place the Java Heap above 32GB virtual address.
# This output file may be truncated or incomplete.
#
#  Out of Memory Error (os_windows.cpp:3631), pid=23896, tid=21920
#
# JRE version:  (22.0.2+9) (build )
# Java VM: Java HotSpot(TM) 64-Bit Server VM (22.0.2+9-70, mixed mode, sharing, tiered, compressed oops, compressed class ptrs, g1 gc, windows-amd64)
# No core dump will be written. Minidumps are not enabled by default on client versions of Windows
#

---------------  S U M M A R Y ------------

Command Line: Main

Host: 11th Gen Intel(R) Core(TM) i5-11260H @ 2.60GHz, 12 cores, 15G,  Windows 11 , 64 bit Build 22621 (10.0.22621.3958)
Time: Wed Aug 28 12:25:18 2024 India Standard Time elapsed time: 0.045033 seconds (0d 0h 0m 0s)

---------------  T H R E A D  ---------------

Current thread (0x00000251a0f30b40):  JavaThread "Unknown thread" [_thread_in_vm, id=21920, stack(0x000000a3c9000000,0x000000a3c9100000) (1024K)]

Stack: [0x000000a3c9000000,0x000000a3c9100000]
Native frames: (J=compiled Java code, j=interpreted, Vv=VM code, C=native code)
V  [jvm.dll+0x6e26e9]  (no source info available)
V  [jvm.dll+0x875753]  (no source info available)
V  [jvm.dll+0x877b7e]  (no source info available)
V  [jvm.dll+0x878253]  (no source info available)
V  [jvm.dll+0x27fc86]  (no source info available)
V  [jvm.dll+0x6ded85]  (no source info available)
V  [jvm.dll+0x6d388a]  (no source info available)
V  [jvm.dll+0x358b8a]  (no source info available)
V  [jvm.dll+0x3610b6]  (no source info available)
V  [jvm.dll+0x3b419e]  (no source info available)
V  [jvm.dll+0x3b4448]  (no source info available)
V  [jvm.dll+0x32c5ec]  (no source info available)
V  [jvm.dll+0x32d258]  (no source info available)
V  [jvm.dll+0x83d5ac]  (no source info available)
V  [jvm.dll+0x3c10d1]  (no source info available)
V  [jvm.dll+0x8264cc]  (no source info available)
V  [jvm.dll+0x45bd5e]  (no source info available)
V  [jvm.dll+0x45dbe1]  (no source info available)
C  [jli.dll+0x52a3]  (no source info available)
C  [ucrtbase.dll+0x29333]  (no source info available)
C  [KERNEL32.DLL+0x1257d]  (no source info available)
C  [ntdll.dll+0x5af28]  (no source info available)


---------------  P R O C E S S  ---------------

Threads class SMR info:
_java_thread_list=0x00007ff96628c1c8, length=0, elements={
}

Java Threads: ( => current thread )
Total: 0

Other Threads:
  0x00000251a3196b80 WorkerThread "GC Thread#0"                     [id=14804, stack(0x000000a3c9100000,0x000000a3c9200000) (1024K)]
  0x00000251a31a7730 ConcurrentGCThread "G1 Main Marker"            [id=17024, stack(0x000000a3c9200000,0x000000a3c9300000) (1024K)]
  0x00000251a31a8240 WorkerThread "G1 Conc#0"                       [id=11812, stack(0x000000a3c9300000,0x000000a3c9400000) (1024K)]

[error occurred during error reporting (printing all threads), id 0xc0000005, EXCEPTION_ACCESS_VIOLATION (0xc0000005) at pc=0x00007ff9659df517]
VM state: not at safepoint (not fully initialized)

VM Mutex/Monitor currently owned by a thread:  ([mutex/lock_event])
[0x00007ff96630cc80] Heap_lock - owner thread: 0x00000251a0f30b40

Heap address: 0x0000000704400000, size: 4028 MB, Compressed Oops mode: Zero based, Oop shift amount: 3

CDS archive(s) mapped at: [0x0000000000000000-0x0000000000000000-0x0000000000000000), size 0, SharedBaseAddress: 0x0000000800000000, ArchiveRelocationMode: 1.
Narrow klass base: 0x0000000000000000, Narrow klass shift: 0, Narrow klass range: 0x0

GC Precious Log:
 CardTable entry size: 512
 Card Set container configuration: InlinePtr #cards 4 size 8 Array Of Cards #cards 16 size 48 Howl #buckets 8 coarsen threshold 3686 Howl Bitmap #cards 512 size 80 coarsen threshold 460 Card regions per heap region 1 cards per card region 4096

Heap:
 garbage-first heap   total reserved 4124672K, committed 0K, used 0K [0x0000000704400000, 0x0000000800000000)
  region size 2048K, 0 young (0K), 0 survivors (0K)

[error occurred during error reporting (printing heap information), id 0xc0000005, EXCEPTION_ACCESS_VIOLATION (0xc0000005) at pc=0x00007ff965dde869]
GC Heap History (0 events):
No events

Dll operation events (1 events):
Event: 0.032 Loaded shared library C:\Program Files\Java\jdk-22\bin\java.dll

Deoptimization events (0 events):
No events

Classes loaded (0 events):
No events

Classes unloaded (0 events):
No events

Classes redefined (0 events):
No events

Internal exceptions (0 events):
No events

ZGC Phase Switch (0 events):
No events

VM Operations (0 events):
No events

Memory protections (0 events):
No events

Nmethod flushes (0 events):
No events

Events (0 events):
No events


Dynamic libraries:
0x00007ff768770000 - 0x00007ff768780000 	C:\Program Files\Java\jdk-22\bin\java.exe
0x00007ff9d02b0000 - 0x00007ff9d04c7000 	C:\WINDOWS\SYSTEM32\ntdll.dll
0x00007ff9cf070000 - 0x00007ff9cf134000 	C:\WINDOWS\System32\KERNEL32.DLL
0x00007ff9cd760000 - 0x00007ff9cdb0d000 	C:\WINDOWS\System32\KERNELBASE.dll
0x00007ff9cdc30000 - 0x00007ff9cdd41000 	C:\WINDOWS\System32\ucrtbase.dll
0x00007ff995790000 - 0x00007ff9957a7000 	C:\Program Files\Java\jdk-22\bin\jli.dll
0x00007ff9b4880000 - 0x00007ff9b489b000 	C:\Program Files\Java\jdk-22\bin\VCRUNTIME140.dll
0x00007ff9cf140000 - 0x00007ff9cf2ee000 	C:\WINDOWS\System32\USER32.dll
0x00007ff9cd730000 - 0x00007ff9cd756000 	C:\WINDOWS\System32\win32u.dll
0x00007ff9cebd0000 - 0x00007ff9cebf9000 	C:\WINDOWS\System32\GDI32.dll
0x00007ff9cdd50000 - 0x00007ff9cde69000 	C:\WINDOWS\System32\gdi32full.dll
0x00007ff9cdb10000 - 0x00007ff9cdbaa000 	C:\WINDOWS\System32\msvcp_win.dll
0x00007ff9b4080000 - 0x00007ff9b4313000 	C:\WINDOWS\WinSxS\amd64_microsoft.windows.common-controls_6595b64144ccf1df_6.0.22621.3672_none_2713b9d173822955\COMCTL32.dll
0x00007ff9d01c0000 - 0x00007ff9d0267000 	C:\WINDOWS\System32\msvcrt.dll
0x00007ff9cfb10000 - 0x00007ff9cfb41000 	C:\WINDOWS\System32\IMM32.DLL
0x00007ff9b5520000 - 0x00007ff9b552c000 	C:\Program Files\Java\jdk-22\bin\vcruntime140_1.dll
0x00007ff986b30000 - 0x00007ff986bbe000 	C:\Program Files\Java\jdk-22\bin\msvcp140.dll
0x00007ff9656a0000 - 0x00007ff9663e9000 	C:\Program Files\Java\jdk-22\bin\server\jvm.dll
0x00007ff9ceb10000 - 0x00007ff9cebc2000 	C:\WINDOWS\System32\ADVAPI32.dll
0x00007ff9cfa10000 - 0x00007ff9cfab9000 	C:\WINDOWS\System32\sechost.dll
0x00007ff9cd5d0000 - 0x00007ff9cd5f8000 	C:\WINDOWS\System32\bcrypt.dll
0x00007ff9cf420000 - 0x00007ff9cf534000 	C:\WINDOWS\System32\RPCRT4.dll
0x00007ff9cfb50000 - 0x00007ff9cfbc1000 	C:\WINDOWS\System32\WS2_32.dll
0x00007ff9cc440000 - 0x00007ff9cc48d000 	C:\WINDOWS\SYSTEM32\POWRPROF.dll
0x00007ff9c5d00000 - 0x00007ff9c5d0a000 	C:\WINDOWS\SYSTEM32\VERSION.dll
0x00007ff9c4e20000 - 0x00007ff9c4e54000 	C:\WINDOWS\SYSTEM32\WINMM.dll
0x00007ff9cc410000 - 0x00007ff9cc423000 	C:\WINDOWS\SYSTEM32\UMPDC.dll
0x00007ff9cc6d0000 - 0x00007ff9cc6e8000 	C:\WINDOWS\SYSTEM32\kernel.appcore.dll
0x00007ff9b5430000 - 0x00007ff9b543a000 	C:\Program Files\Java\jdk-22\bin\jimage.dll
0x00007ff9ca990000 - 0x00007ff9cabc2000 	C:\WINDOWS\SYSTEM32\DBGHELP.DLL
0x00007ff9cf540000 - 0x00007ff9cf8cd000 	C:\WINDOWS\System32\combase.dll
0x00007ff9cf930000 - 0x00007ff9cfa07000 	C:\WINDOWS\System32\OLEAUT32.dll
0x00007ff9c14f0000 - 0x00007ff9c1522000 	C:\WINDOWS\SYSTEM32\dbgcore.DLL
0x00007ff9cdbb0000 - 0x00007ff9cdc2b000 	C:\WINDOWS\System32\bcryptPrimitives.dll
0x00007ff9a0eb0000 - 0x00007ff9a0ece000 	C:\Program Files\Java\jdk-22\bin\java.dll
0x00007ff9ce1d0000 - 0x00007ff9cea38000 	C:\WINDOWS\System32\SHELL32.dll
0x00007ff9cedc0000 - 0x00007ff9cef65000 	C:\WINDOWS\System32\ole32.dll

dbghelp: loaded successfully - version: 4.0.5 - missing functions: none
symbol engine: initialized successfully - sym options: 0x614 - pdb path: .;C:\Program Files\Java\jdk-22\bin;C:\WINDOWS\SYSTEM32;C:\WINDOWS\WinSxS\amd64_microsoft.windows.common-controls_6595b64144ccf1df_6.0.22621.3672_none_2713b9d173822955;C:\Program Files\Java\jdk-22\bin\server

VM Arguments:
java_command: Main
java_class_path (initial): .
Launcher Type: SUN_STANDARD

[Global flags]
     intx CICompilerCount                          = 4                                         {product} {ergonomic}
     uint ConcGCThreads                            = 3                                         {product} {ergonomic}
     uint G1ConcRefinementThreads                  = 10                                        {product} {ergonomic}
   size_t G1HeapRegionSize                         = 2097152                                   {product} {ergonomic}
   size_t InitialHeapSize                          = 264241152                                 {product} {ergonomic}
   size_t MarkStackSize                            = 4194304                                   {product} {ergonomic}
   size_t MaxHeapSize                              = 4223664128                                {product} {ergonomic}
   size_t MinHeapDeltaBytes                        = 2097152                                   {product} {ergonomic}
   size_t MinHeapSize                              = 8388608                                   {product} {ergonomic}
    uintx NonNMethodCodeHeapSize                   = 5839372                                {pd product} {ergonomic}
    uintx NonProfiledCodeHeapSize                  = 122909434                              {pd product} {ergonomic}
    uintx ProfiledCodeHeapSize                     = 122909434                              {pd product} {ergonomic}
    uintx ReservedCodeCacheSize                    = 251658240                              {pd product} {ergonomic}
     bool SegmentedCodeCache                       = true                                      {product} {ergonomic}
   size_t SoftMaxHeapSize                          = 4223664128                             {manageable} {ergonomic}
     bool UseCompressedOops                        = true                           {product lp64_product} {ergonomic}
     bool UseG1GC                                  = true                                      {product} {ergonomic}
     bool UseLargePagesIndividualAllocation        = false                                  {pd product} {ergonomic}

Logging:
Log output configuration:
 #0: stdout all=warning uptime,level,tags foldmultilines=false
 #1: stderr all=off uptime,level,tags foldmultilines=false

Environment Variables:
PATH=C:\Users\SEENU MAKESHWARAN\AppData\Local\cloud-code\installer\google-cloud-sdk\bin;C:\Program Files\Common Files\Oracle\Java\javapath;C:\oraclexe\app\oracle\product\11.2.0\server\bin;C:\Windows\system32;C:\Windows;C:\Windows\System32\Wbem;C:\Windows\System32\WindowsPowerShell\v1.0\;C:\Windows\System32\OpenSSH\;C:\Program Files\dotnet\;C:\Program Files (x86)\NVIDIA Corporation\PhysX\Common;C:\Program Files\NVIDIA Corporation\NVIDIA NvDLISR;C:\WINDOWS\system32;C:\WINDOWS;C:\WINDOWS\System32\Wbem;C:\WINDOWS\System32\WindowsPowerShell\v1.0\;C:\WINDOWS\System32\OpenSSH\;C:\MinGW\bin;C:\Program Files (x86)\Microsoft SQL Server\160\Tools\Binn\;C:\Program Files\Microsoft SQL Server\160\Tools\Binn\;C:\Program Files\Microsoft SQL Server\Client SDK\ODBC\170\Tools\Binn\;C:\Program Files\Microsoft SQL Server\160\DTS\Binn\;C:\Program Files (x86)\Microsoft SQL Server\160\DTS\Binn\;C:\Program Files\nodejs\;C:\Program Files\Git\cmd;C:\Users\SEENU MAKESHWARAN\AppData\Local\Microsoft\WindowsApps;;C:\Users\SEENU MAKESHWARAN\AppData\Local\Programs\Microsoft VS Code\bin;C:\Users\SEENU MAKESHWARAN\AppData\Roaming\npm;C:\Users\SEENU MAKESHWARAN\AppData\Local\Programs\mongosh\;C:\Users\SEENU MAKESHWARAN\AppData\Local\Google\Cloud SDK\google-cloud-sdk\bin;C:\Program Files (x86)\Google\Cloud SDK\google-cloud-sdk\bin;C:\Program Files\Google\Cloud SDK\google-cloud-sdk\bin
USERNAME=SEENU MAKESHWARAN
OS=Windows_NT
PROCESSOR_IDENTIFIER=Intel64 Family 6 Model 141 Stepping 1, GenuineIntel
TMP=C:\Users\SEENUM~1\AppData\Local\Temp
TEMP=C:\Users\SEENUM~1\AppData\Local\Temp




Periodic native trim disabled

---------------  S Y S T E M  ---------------

OS:
 Windows 11 , 64 bit Build 22621 (10.0.22621.3958)
OS uptime: 0 days 19:02 hours
Hyper-V role detected

CPU: total 12 (initial active 12) (6 cores per cpu, 2 threads per core) family 6 model 141 stepping 1 microcode 0x4e, cx8, cmov, fxsr, ht, mmx, 3dnowpref, sse, sse2, sse3, ssse3, sse4.1, sse4.2, popcnt, lzcnt, tsc, tscinvbit, avx, avx2, aes, erms, clmul, bmi1, bmi2, adx, avx512f, avx512dq, avx512cd, avx512bw, avx512vl, sha, fma, vzeroupper, avx512_vpopcntdq, avx512_vpclmulqdq, avx512_vaes, avx512_vnni, clflush, clflushopt, clwb, avx512_vbmi2, avx512_vbmi, hv, rdtscp, rdpid, fsrm, gfni, avx512_bitalg, f16c, cet_ibt, cet_ss, avx512_ifma
Processor Information for all 12 processors :
  Max Mhz: 2611, Current Mhz: 2611, Mhz Limit: 2611

Memory: 4k page, system-wide physical 16110M (4593M free)
TotalPageFile size 16110M (AvailPageFile size 205M)
current process WorkingSet (physical memory assigned to process): 12M, peak: 12M
current process commit charge ("private bytes"): 64M, peak: 316M

vm_info: Java HotSpot(TM) 64-Bit Server VM (22.0.2+9-70) for windows-amd64 JRE (22.0.2+9-70), built on 2024-06-04T16:52:23Z by "mach5one" with MS VC++ 17.6 (VS2022)

END.
